<?xml version='1.0' encoding='UTF-8'?>
<testsuite hostname="OCS449-MacBook-Pro.local" name="Day04.GiantSquidTests" tests="9" errors="0" failures="0" skipped="0" time="0.38" timestamp="2021-12-11T17:36:10">
          <properties>
[...]
</properties>
          <testcase classname="Day04.GiantSquidTests" name="Reading bingo data tests Draw order of example data Should return an array of integers matching the example data string" time="0.031">
                      
                    </testcase><testcase classname="Day04.GiantSquidTests" name="Reading bingo data tests Bingo boards of example data Should return an array of bingo boards, each represented by a 2D array of integers matching the example data string" time="0.004">
                      
                    </testcase><testcase classname="Day04.GiantSquidTests" name="Winning board tests Winning board given the drawn numbers (7, 4, 9, 5, 11, 17, 23, 2, 0, 14, 21, 24) Should return 2" time="0.002">
                      
                    </testcase><testcase classname="Day04.GiantSquidTests" name="Winning board tests Winning board given the drawn numbers (17, 0, 22, 13, 16, 11) Should return 0" time="0.001">
                      
                    </testcase><testcase classname="Day04.GiantSquidTests" name="Winning board tests Winning board given the drawn numbers (15, 18, 0, 21, 11, 8) Should return 1" time="0.002">
                      
                    </testcase><testcase classname="Day04.GiantSquidTests" name="Bingo score tests Playing through with example data Should return 4512" time="0.006">
                      
                    </testcase><testcase classname="Day04.GiantSquidTests" name="Bingo score tests Playing through with task data Should return 46920" time="0.136">
                      
                    </testcase><testcase classname="Day04.GiantSquidTests" name="Bingo last board tests Get last board score with example data Should return 1924" time="0.002">
                      
                    </testcase><testcase classname="Day04.GiantSquidTests" name="Bingo last board tests Get last board score with task data Should return 12635" time="0.196">
                      
                    </testcase>
          <system-out><![CDATA[]]></system-out>
          <system-err><![CDATA[]]></system-err>
        </testsuite>