<?xml version='1.0' encoding='UTF-8'?>
<testsuite hostname="OCS449-MacBook-Pro.local" name="Day01.SonarSweepTests" tests="4" errors="0" failures="0" skipped="0" time="0.034" timestamp="2021-12-07T08:35:56">
          <properties>
[...]
</properties>
          <testcase classname="Day01.SonarSweepTests" name="Measuring depth tests When given the example depth report Should return 7" time="0.027">
                      
                    </testcase><testcase classname="Day01.SonarSweepTests" name="Measuring depth tests When given the task depth report Should return 1754" time="0.005">
                      
                    </testcase><testcase classname="Day01.SonarSweepTests" name="Measuring depth with 3-measurement sliding window tests When given the example depth report Should return 5" time="0.0">
                      
                    </testcase><testcase classname="Day01.SonarSweepTests" name="Measuring depth with 3-measurement sliding window tests When given the task depth report Should return 1789" time="0.002">
                      
                    </testcase>
          <system-out><![CDATA[]]></system-out>
          <system-err><![CDATA[]]></system-err>
        </testsuite>