<?xml version='1.0' encoding='UTF-8'?>
<testsuite hostname="OCS449-MacBook-Pro.local" name="Day05.HydrothermalVentureTests" tests="16" errors="0" failures="0" skipped="0" time="0.393" timestamp="2021-12-11T17:36:10">
          <properties>
[...]
</properties>
          <testcase classname="Day05.HydrothermalVentureTests" name="Vent input tests Get axial vent line from the example string '0,9 -&gt; 5,9' Should return an array of integer tuples { (0,9), (1,9), (2,9), (3,9), (4,9), (5,9) }" time="0.041">
                      
                    </testcase><testcase classname="Day05.HydrothermalVentureTests" name="Vent input tests Get axial vent line from the example string '9,7 -&gt; 7,7' Should return an array of integer tuples { (9,7), (8,7), (7,7) }" time="0.001">
                      
                    </testcase><testcase classname="Day05.HydrothermalVentureTests" name="Vent input tests Get axial vent line from the example string '0,0 -&gt; 0,2' Should return an array of integer tuples { (0,0), (0,1), (0,2) }" time="0.0">
                      
                    </testcase><testcase classname="Day05.HydrothermalVentureTests" name="Vent input tests Get axial vent line from the example string '4,7 -&gt; 4,5' Should return an array of integer tuples { (4,7), (4,6), (4,5) }" time="0.001">
                      
                    </testcase><testcase classname="Day05.HydrothermalVentureTests" name="Vent input tests Get diagonal vent line from the example string '3,0 -&gt; 0,3' Should return an array of integer tuples { (3,0), (2,1), (1,2), (0,3) }" time="0.001">
                      
                    </testcase><testcase classname="Day05.HydrothermalVentureTests" name="Vent input tests Get example data filtered for only axial lines Should return the example data with only vent lines that are either horizontal or vertical (axial)" time="0.001">
                      
                    </testcase><testcase classname="Day05.HydrothermalVentureTests" name="Vent input tests Get all vent lines from example data (filtered for only axial lines) Should return an array of arrays of integer tuples { (0,9)-&gt;(5,9), (9,4)-&gt;(3,4), (2,2)-&gt;(2,1), (7,0)-&gt;(7,4), (0,9)-&gt;(2,9), (3,4)-&gt;(1,4) }" time="0.002">
                      
                    </testcase><testcase classname="Day05.HydrothermalVentureTests" name="Vent input tests Get all vent lines from example data Should return an array of integer tuples matching the example data input" time="0.001">
                      
                    </testcase><testcase classname="Day05.HydrothermalVentureTests" name="Diagram tests Get the vent diagram values for example data (filtered for only axial lines) Should return an accurate diagram" time="0.001">
                      
                    </testcase><testcase classname="Day05.HydrothermalVentureTests" name="Diagram tests Get the vent diagram for example data (filtered for only axial lines) Should return an accurate diagram" time="0.001">
                      
                    </testcase><testcase classname="Day05.HydrothermalVentureTests" name="Diagram tests Get the number of overlaps for example data (filtered for only axial lines) Should return 5" time="0.002">
                      
                    </testcase><testcase classname="Day05.HydrothermalVentureTests" name="Diagram tests Get the number of overlaps for task data (filtered for only axial lines) Should return 5632" time="0.132">
                      
                    </testcase><testcase classname="Day05.HydrothermalVentureTests" name="Diagram tests Get the vent diagram values for example data Should return an accurate diagram" time="0.001">
                      
                    </testcase><testcase classname="Day05.HydrothermalVentureTests" name="Diagram tests Get the vent diagram for example data Should return an accurate diagram" time="0.001">
                      
                    </testcase><testcase classname="Day05.HydrothermalVentureTests" name="Diagram tests Get the number of overlaps for example data Should return 12" time="0.0">
                      
                    </testcase><testcase classname="Day05.HydrothermalVentureTests" name="Diagram tests Get the number of overlaps for task data Should return 22213" time="0.207">
                      
                    </testcase>
          <system-out><![CDATA[]]></system-out>
          <system-err><![CDATA[]]></system-err>
        </testsuite>